c:\users\roberto\pictures\p3\visual2015\p3glsl\debug\vc142.pdb
c:\users\roberto\pictures\p3\visual2015\p3glsl\debug\vc142.idb
c:\users\roberto\pictures\p3\visual2015\p3glsl\debug\auxiliar.obj
c:\users\roberto\pictures\p3\visual2015\p3glsl\debug\main.obj
c:\users\iván\downloads\p3\p3\visual2015\p3glsl\debug\vc142.pdb
c:\users\iván\downloads\p3\p3\visual2015\p3glsl\debug\vc142.idb
c:\users\roberto\pictures\p3\visual2015\p3glsl\debug\p3glsl.exe
c:\users\roberto\pictures\p3\visual2015\p3glsl\debug\p3glsl.ilk
c:\users\roberto\pictures\p3\visual2015\p3glsl\debug\p3glsl.pdb
c:\users\iván\downloads\p3\p3\visual2015\p3glsl\debug\auxiliar.obj
c:\users\iván\downloads\p3\p3\visual2015\p3glsl\debug\main.obj
c:\users\iván\downloads\p3\p3\visual2015\p3glsl\debug\p3glsl.ilk
c:\users\iván\downloads\p3\p3\visual2015\p3glsl\debug\p3glsl.pdb
c:\users\iván\downloads\p3\p3\visual2015\p3glsl\debug\p3glsl.exe
c:\users\iván\downloads\p3\p3\visual2015\p3glsl\debug\p3glsl.tlog\cl.command.1.tlog
c:\users\iván\downloads\p3\p3\visual2015\p3glsl\debug\p3glsl.tlog\cl.read.1.tlog
c:\users\iván\downloads\p3\p3\visual2015\p3glsl\debug\p3glsl.tlog\cl.write.1.tlog
c:\users\iván\downloads\p3\p3\visual2015\p3glsl\debug\p3glsl.tlog\link.command.1.tlog
c:\users\iván\downloads\p3\p3\visual2015\p3glsl\debug\p3glsl.tlog\link.read.1.tlog
c:\users\iván\downloads\p3\p3\visual2015\p3glsl\debug\p3glsl.tlog\link.write.1.tlog
